<?xml version="1.0" encoding="UTF-8"?>
<coverage generated="1775913618804" clover="3.2.0">
  <project timestamp="1775913618804" name="All files">
    <metrics statements="24" coveredstatements="13" conditionals="5" coveredconditionals="0" methods="6" coveredmethods="1" elements="35" coveredelements="14" complexity="0" loc="24" ncloc="24" packages="1" files="1" classes="1"/>
    <file name="auth_manager.ts" path="C:\Users\User\Code\AAOS\src\auth\auth_manager.ts">
      <metrics statements="24" coveredstatements="13" conditionals="5" coveredconditionals="0" methods="6" coveredmethods="1"/>
      <line num="1" count="1" type="stmt"/>
      <line num="2" count="1" type="stmt"/>
      <line num="3" count="1" type="stmt"/>
      <line num="5" count="1" type="stmt"/>
      <line num="6" count="1" type="stmt"/>
      <line num="22" count="1" type="stmt"/>
      <line num="23" count="0" type="stmt"/>
      <line num="26" count="1" type="stmt"/>
      <line num="27" count="0" type="stmt"/>
      <line num="28" count="0" type="stmt"/>
      <line num="30" count="0" type="stmt"/>
      <line num="34" count="1" type="stmt"/>
      <line num="35" count="0" type="stmt"/>
      <line num="38" count="1" type="stmt"/>
      <line num="39" count="1" type="stmt"/>
      <line num="40" count="1" type="stmt"/>
      <line num="43" count="1" type="stmt"/>
      <line num="44" count="0" type="stmt"/>
      <line num="45" count="0" type="cond" truecount="0" falsecount="3"/>
      <line num="46" count="0" type="cond" truecount="0" falsecount="1"/>
      <line num="47" count="0" type="cond" truecount="0" falsecount="1"/>
      <line num="48" count="0" type="stmt"/>
      <line num="51" count="1" type="stmt"/>
      <line num="52" count="0" type="stmt"/>
    </file>
  </project>
</coverage>
