{"C:\\Users\\User\\Code\\AAOS\\src\\auth\\auth_manager.ts": {"path":"C:\\Users\\User\\Code\\AAOS\\src\\auth\\auth_manager.ts","statementMap":{"0":{"start":{"line":22,"column":0},"end":{"line":22,"column":16}},"1":{"start":{"line":26,"column":0},"end":{"line":26,"column":16}},"2":{"start":{"line":34,"column":0},"end":{"line":34,"column":16}},"3":{"start":{"line":38,"column":0},"end":{"line":38,"column":16}},"4":{"start":{"line":43,"column":0},"end":{"line":43,"column":16}},"5":{"start":{"line":51,"column":0},"end":{"line":51,"column":16}},"6":{"start":{"line":1,"column":0},"end":{"line":1,"column":36}},"7":{"start":{"line":2,"column":0},"end":{"line":2,"column":33}},"8":{"start":{"line":3,"column":0},"end":{"line":3,"column":36}},"9":{"start":{"line":5,"column":13},"end":{"line":5,"column":37}},"10":{"start":{"line":6,"column":13},"end":{"line":6,"column":56}},"11":{"start":{"line":23,"column":4},"end":{"line":23,"column":72}},"12":{"start":{"line":27,"column":4},"end":{"line":31,"column":5}},"13":{"start":{"line":28,"column":8},"end":{"line":28,"column":63}},"14":{"start":{"line":30,"column":8},"end":{"line":30,"column":20}},"15":{"start":{"line":35,"column":4},"end":{"line":35,"column":36}},"16":{"start":{"line":39,"column":17},"end":{"line":39,"column":82}},"17":{"start":{"line":40,"column":4},"end":{"line":40,"column":30}},"18":{"start":{"line":44,"column":20},"end":{"line":44,"column":30}},"19":{"start":{"line":45,"column":4},"end":{"line":45,"column":110}},"20":{"start":{"line":45,"column":49},"end":{"line":45,"column":110}},"21":{"start":{"line":46,"column":4},"end":{"line":46,"column":104}},"22":{"start":{"line":46,"column":40},"end":{"line":46,"column":104}},"23":{"start":{"line":47,"column":4},"end":{"line":47,"column":96}},"24":{"start":{"line":47,"column":45},"end":{"line":47,"column":96}},"25":{"start":{"line":48,"column":4},"end":{"line":48,"column":27}},"26":{"start":{"line":52,"column":4},"end":{"line":59,"column":6}}},"fnMap":{"0":{"name":"generate_device_jwt","decl":{"start":{"line":22,"column":16},"end":{"line":22,"column":35}},"loc":{"start":{"line":22,"column":68},"end":{"line":24,"column":1}}},"1":{"name":"validate_device_jwt","decl":{"start":{"line":26,"column":16},"end":{"line":26,"column":35}},"loc":{"start":{"line":26,"column":65},"end":{"line":32,"column":1}}},"2":{"name":"validate_admin_role","decl":{"start":{"line":34,"column":16},"end":{"line":34,"column":35}},"loc":{"start":{"line":34,"column":63},"end":{"line":36,"column":1}}},"3":{"name":"validate_line_signature","decl":{"start":{"line":38,"column":16},"end":{"line":38,"column":39}},"loc":{"start":{"line":38,"column":87},"end":{"line":41,"column":1}}},"4":{"name":"validate_internal_message","decl":{"start":{"line":43,"column":16},"end":{"line":43,"column":41}},"loc":{"start":{"line":43,"column":54},"end":{"line":49,"column":1}}},"5":{"name":"transform_to_internal_message","decl":{"start":{"line":51,"column":16},"end":{"line":51,"column":45}},"loc":{"start":{"line":51,"column":78},"end":{"line":60,"column":1}}}},"branchMap":{"0":{"loc":{"start":{"line":45,"column":4},"end":{"line":45,"column":110}},"type":"if","locations":[{"start":{"line":45,"column":4},"end":{"line":45,"column":110}}]},"1":{"loc":{"start":{"line":45,"column":8},"end":{"line":45,"column":47}},"type":"binary-expr","locations":[{"start":{"line":45,"column":8},"end":{"line":45,"column":16}},{"start":{"line":45,"column":20},"end":{"line":45,"column":47}}]},"2":{"loc":{"start":{"line":46,"column":4},"end":{"line":46,"column":104}},"type":"if","locations":[{"start":{"line":46,"column":4},"end":{"line":46,"column":104}}]},"3":{"loc":{"start":{"line":47,"column":4},"end":{"line":47,"column":96}},"type":"if","locations":[{"start":{"line":47,"column":4},"end":{"line":47,"column":96}}]}},"s":{"0":1,"1":1,"2":1,"3":1,"4":1,"5":1,"6":1,"7":1,"8":1,"9":1,"10":1,"11":0,"12":0,"13":0,"14":0,"15":0,"16":1,"17":1,"18":0,"19":0,"20":0,"21":0,"22":0,"23":0,"24":0,"25":0,"26":0},"f":{"0":0,"1":0,"2":0,"3":1,"4":0,"5":0},"b":{"0":[0],"1":[0,0],"2":[0],"3":[0]}}
}
