TN:
SF:src\auth\auth_manager.ts
FN:22,generate_device_jwt
FN:26,validate_device_jwt
FN:34,validate_admin_role
FN:38,validate_line_signature
FN:43,validate_internal_message
FN:51,transform_to_internal_message
FNF:6
FNH:1
FNDA:0,generate_device_jwt
FNDA:0,validate_device_jwt
FNDA:0,validate_admin_role
FNDA:1,validate_line_signature
FNDA:0,validate_internal_message
FNDA:0,transform_to_internal_message
DA:1,1
DA:2,1
DA:3,1
DA:5,1
DA:6,1
DA:22,1
DA:23,0
DA:26,1
DA:27,0
DA:28,0
DA:30,0
DA:34,1
DA:35,0
DA:38,1
DA:39,1
DA:40,1
DA:43,1
DA:44,0
DA:45,0
DA:46,0
DA:47,0
DA:48,0
DA:51,1
DA:52,0
LF:24
LH:13
BRDA:45,0,0,0
BRDA:45,1,0,0
BRDA:45,1,1,0
BRDA:46,2,0,0
BRDA:47,3,0,0
BRF:5
BRH:0
end_of_record
